0 info it worked if it ends with ok
1 verbose cli [ '/home/zaqueo/.nvm/versions/node/v6.17.1/bin/node',
1 verbose cli   '/home/zaqueo/.nvm/versions/node/v6.17.1/bin/npm',
1 verbose cli   'run',
1 verbose cli   'watch' ]
2 info using npm@3.10.10
3 info using node@v6.17.1
4 verbose run-script [ 'prewatch', 'watch', 'postwatch' ]
5 info lifecycle iris-budget@1.0.0~prewatch: iris-budget@1.0.0
6 silly lifecycle iris-budget@1.0.0~prewatch: no script for prewatch, continuing
7 info lifecycle iris-budget@1.0.0~watch: iris-budget@1.0.0
8 verbose lifecycle iris-budget@1.0.0~watch: unsafe-perm in lifecycle true
9 verbose lifecycle iris-budget@1.0.0~watch: PATH: /home/zaqueo/.nvm/versions/node/v6.17.1/lib/node_modules/npm/bin/node-gyp-bin:/home/zaqueo/dev/iris-budget/node_modules/.bin:/home/zaqueo/.local/bin:/home/zaqueo/.local/bin:/home/zaqueo/.local/bin:/home/zaqueo/.nvm/versions/node/v6.17.1/bin:/home/zaqueo/.local/bin:/home/zaqueo/.local/bin:/home/zaqueo/.local/bin:/usr/local/sbin:/usr/local/bin:/usr/sbin:/usr/bin:/sbin:/bin:/usr/games:/usr/local/games:/snap/bin
10 verbose lifecycle iris-budget@1.0.0~watch: CWD: /home/zaqueo/dev/iris-budget
11 silly lifecycle iris-budget@1.0.0~watch: Args: [ '-c',
11 silly lifecycle   'cross-env NODE_ENV=development node_modules/webpack/bin/webpack.js --watch --progress --hide-modules --config=node_modules/laravel-mix/setup/webpack.config.js' ]
12 silly lifecycle iris-budget@1.0.0~watch: Returned: code: 1  signal: null
13 info lifecycle iris-budget@1.0.0~watch: Failed to exec watch script
14 verbose stack Error: iris-budget@1.0.0 watch: `cross-env NODE_ENV=development node_modules/webpack/bin/webpack.js --watch --progress --hide-modules --config=node_modules/laravel-mix/setup/webpack.config.js`
14 verbose stack Exit status 1
14 verbose stack     at EventEmitter.<anonymous> (/home/zaqueo/.nvm/versions/node/v6.17.1/lib/node_modules/npm/lib/utils/lifecycle.js:255:16)
14 verbose stack     at emitTwo (events.js:106:13)
14 verbose stack     at EventEmitter.emit (events.js:191:7)
14 verbose stack     at ChildProcess.<anonymous> (/home/zaqueo/.nvm/versions/node/v6.17.1/lib/node_modules/npm/lib/utils/spawn.js:40:14)
14 verbose stack     at emitTwo (events.js:106:13)
14 verbose stack     at ChildProcess.emit (events.js:191:7)
14 verbose stack     at maybeClose (internal/child_process.js:920:16)
14 verbose stack     at Process.ChildProcess._handle.onexit (internal/child_process.js:230:5)
15 verbose pkgid iris-budget@1.0.0
16 verbose cwd /home/zaqueo/dev/iris-budget/public
17 error Linux 5.3.0-26-generic
18 error argv "/home/zaqueo/.nvm/versions/node/v6.17.1/bin/node" "/home/zaqueo/.nvm/versions/node/v6.17.1/bin/npm" "run" "watch"
19 error node v6.17.1
20 error npm  v3.10.10
21 error code ELIFECYCLE
22 error iris-budget@1.0.0 watch: `cross-env NODE_ENV=development node_modules/webpack/bin/webpack.js --watch --progress --hide-modules --config=node_modules/laravel-mix/setup/webpack.config.js`
22 error Exit status 1
23 error Failed at the iris-budget@1.0.0 watch script 'cross-env NODE_ENV=development node_modules/webpack/bin/webpack.js --watch --progress --hide-modules --config=node_modules/laravel-mix/setup/webpack.config.js'.
23 error Make sure you have the latest version of node.js and npm installed.
23 error If you do, this is most likely a problem with the iris-budget package,
23 error not with npm itself.
23 error Tell the author that this fails on your system:
23 error     cross-env NODE_ENV=development node_modules/webpack/bin/webpack.js --watch --progress --hide-modules --config=node_modules/laravel-mix/setup/webpack.config.js
23 error You can get information on how to open an issue for this project with:
23 error     npm bugs iris-budget
23 error Or if that isn't available, you can get their info via:
23 error     npm owner ls iris-budget
23 error There is likely additional logging output above.
24 verbose exit [ 1, true ]
